0 info it worked if it ends with ok
1 verbose cli [ '/usr/local/Cellar/node/5.0.0/bin/node',
1 verbose cli   '/usr/local/bin/npm',
1 verbose cli   'start' ]
2 info using npm@3.3.9
3 info using node@v5.0.0
4 verbose run-script [ 'prestart', 'start', 'poststart' ]
5 info lifecycle Tusker@~prestart: Tusker@
6 silly lifecycle Tusker@~prestart: no script for prestart, continuing
7 info lifecycle Tusker@~start: Tusker@
8 verbose lifecycle Tusker@~start: unsafe-perm in lifecycle true
9 verbose lifecycle Tusker@~start: PATH: /usr/local/lib/node_modules/npm/bin/node-gyp-bin:/Users/thomaspasque/mercantyle/persona/node_modules/.bin:/Users/thomaspasque/.rvm/gems/ruby-2.1.5/bin:/Users/thomaspasque/.rvm/gems/ruby-2.1.5@global/bin:/Users/thomaspasque/.rvm/rubies/ruby-2.1.5/bin:/Applications/MAMP/bin/php/php5.6/bin:/usr/local/bin:/usr/bin:/bin:/usr/sbin:/sbin:/Users/thomaspasque/.rvm/bin
10 verbose lifecycle Tusker@~start: CWD: /Users/thomaspasque/mercantyle/persona
11 silly lifecycle Tusker@~start: Args: [ '-c', 'meteor run' ]
12 silly lifecycle Tusker@~start: Returned: code: 254  signal: null
13 info lifecycle Tusker@~start: Failed to exec start script
14 verbose stack Error: Tusker@ start: `meteor run`
14 verbose stack Exit status 254
14 verbose stack     at EventEmitter.<anonymous> (/usr/local/lib/node_modules/npm/lib/utils/lifecycle.js:233:16)
14 verbose stack     at emitTwo (events.js:87:13)
14 verbose stack     at EventEmitter.emit (events.js:172:7)
14 verbose stack     at ChildProcess.<anonymous> (/usr/local/lib/node_modules/npm/lib/utils/spawn.js:24:14)
14 verbose stack     at emitTwo (events.js:87:13)
14 verbose stack     at ChildProcess.emit (events.js:172:7)
14 verbose stack     at maybeClose (internal/child_process.js:818:16)
14 verbose stack     at Process.ChildProcess._handle.onexit (internal/child_process.js:211:5)
15 verbose pkgid Tusker@
16 verbose cwd /Users/thomaspasque/mercantyle/persona
17 error Darwin 15.3.0
18 error argv "/usr/local/Cellar/node/5.0.0/bin/node" "/usr/local/bin/npm" "start"
19 error node v5.0.0
20 error npm  v3.3.9
21 error code ELIFECYCLE
22 error Tusker@ start: `meteor run`
22 error Exit status 254
23 error Failed at the Tusker@ start script 'meteor run'.
23 error This is most likely a problem with the Tusker package,
23 error not with npm itself.
23 error Tell the author that this fails on your system:
23 error     meteor run
23 error You can get their info via:
23 error     npm owner ls Tusker
23 error There is likely additional logging output above.
24 verbose exit [ 1, true ]
